2024-12-06 02:59:26,178 INFO o.h.v.i.u.Version [background-preinit] HV000001: Hibernate Validator 8.0.1.Final
2024-12-06 02:59:26,297 INFO o.s.b.l.DeferredLog [restartedMain] Devtools property defaults active! Set 'spring.devtools.add-properties' to 'false' to disable
2024-12-06 02:59:26,297 INFO o.s.b.l.DeferredLog [restartedMain] For additional web related logging consider setting the 'logging.level.web' property to 'DEBUG'
2024-12-06 02:59:27,826 INFO o.s.d.r.c.RepositoryConfigurationDelegate [restartedMain] Bootstrapping Spring Data JPA repositories in DEFAULT mode.
2024-12-06 02:59:27,913 INFO o.s.d.r.c.RepositoryConfigurationDelegate [restartedMain] Finished Spring Data repository scanning in 79 ms. Found 5 JPA repository interfaces.
2024-12-06 02:59:28,940 INFO o.s.b.w.e.t.TomcatWebServer [restartedMain] Tomcat initialized with port 8080 (http)
2024-12-06 02:59:28,954 INFO o.a.j.l.DirectJDKLog [restartedMain] Initializing ProtocolHandler ["http-nio-8080"]
2024-12-06 02:59:28,957 INFO o.a.j.l.DirectJDKLog [restartedMain] Starting service [Tomcat]
2024-12-06 02:59:28,958 INFO o.a.j.l.DirectJDKLog [restartedMain] Starting Servlet engine: [Apache Tomcat/10.1.30]
2024-12-06 02:59:29,040 INFO o.a.j.l.DirectJDKLog [restartedMain] Initializing Spring embedded WebApplicationContext
2024-12-06 02:59:29,041 INFO o.s.b.w.s.c.ServletWebServerApplicationContext [restartedMain] Root WebApplicationContext: initialization completed in 2742 ms
2024-12-06 02:59:29,204 INFO c.z.h.HikariDataSource [restartedMain] HikariPool-1 - Starting...
2024-12-06 02:59:29,452 INFO c.z.h.p.HikariPool [restartedMain] HikariPool-1 - Added connection conn0: url=jdbc:h2:mem:testdb user=ADMIN
2024-12-06 02:59:29,454 INFO c.z.h.HikariDataSource [restartedMain] HikariPool-1 - Start completed.
2024-12-06 02:59:29,463 INFO o.s.b.a.h.H2ConsoleAutoConfiguration [restartedMain] H2 console available at '/h2-console'. Database available at 'jdbc:h2:mem:testdb'
2024-12-06 02:59:29,709 INFO o.h.j.i.u.LogHelper [restartedMain] HHH000204: Processing PersistenceUnitInfo [name: default]
2024-12-06 02:59:29,799 INFO o.h.Version [restartedMain] HHH000412: Hibernate ORM core version 6.5.3.Final
2024-12-06 02:59:29,850 INFO o.h.c.i.RegionFactoryInitiator [restartedMain] HHH000026: Second-level cache disabled
2024-12-06 02:59:30,227 INFO o.s.o.j.p.SpringPersistenceUnitInfo [restartedMain] No LoadTimeWeaver setup: ignoring JPA class transformer
2024-12-06 02:59:31,509 INFO o.h.e.t.j.p.i.JtaPlatformInitiator [restartedMain] HHH000489: No JTA platform available (set 'hibernate.transaction.jta.platform' to enable JTA platform integration)
2024-12-06 02:59:31,572 INFO o.s.o.j.AbstractEntityManagerFactoryBean [restartedMain] Initialized JPA EntityManagerFactory for persistence unit 'default'
2024-12-06 02:59:32,677 WARN o.s.b.a.o.j.JpaBaseConfiguration$JpaWebConfiguration [restartedMain] spring.jpa.open-in-view is enabled by default. Therefore, database queries may be performed during view rendering. Explicitly configure spring.jpa.open-in-view to disable this warning
2024-12-06 02:59:32,741 INFO o.s.s.c.a.a.c.InitializeAuthenticationProviderBeanManagerConfigurer$InitializeAuthenticationProviderManagerConfigurer [restartedMain] Global AuthenticationManager configured with AuthenticationProvider bean with name usernamePasswordAuthenticationProvider
2024-12-06 02:59:33,332 INFO o.s.b.a.e.w.EndpointLinksResolver [restartedMain] Exposing 14 endpoints beneath base path '/actuator'
2024-12-06 02:59:34,389 WARN o.s.b.d.a.OptionalLiveReloadServer [restartedMain] Unable to start LiveReload server
2024-12-06 02:59:34,449 INFO o.a.j.l.DirectJDKLog [restartedMain] Starting ProtocolHandler ["http-nio-8080"]
2024-12-06 02:59:34,454 WARN o.s.c.s.AbstractApplicationContext [restartedMain] Exception encountered during context initialization - cancelling refresh attempt: org.springframework.context.ApplicationContextException: Failed to start bean 'webServerStartStop'
2024-12-06 02:59:34,461 INFO o.s.o.j.AbstractEntityManagerFactoryBean [restartedMain] Closing JPA EntityManagerFactory for persistence unit 'default'
2024-12-06 02:59:34,471 WARN o.s.b.f.s.DisposableBeanAdapter [restartedMain] Invocation of destroy method failed on bean with name 'inMemoryDatabaseShutdownExecutor': org.h2.jdbc.JdbcSQLNonTransientConnectionException: Database is already closed (to disable automatic closing at VM shutdown, add ";DB_CLOSE_ON_EXIT=FALSE" to the db URL) [90121-224]
2024-12-06 02:59:34,472 INFO c.z.h.HikariDataSource [restartedMain] HikariPool-1 - Shutdown initiated...
2024-12-06 02:59:34,476 INFO c.z.h.HikariDataSource [restartedMain] HikariPool-1 - Shutdown completed.
2024-12-06 02:59:34,506 INFO o.s.b.a.l.ConditionEvaluationReportLogger [restartedMain] 

Error starting ApplicationContext. To display the condition evaluation report re-run your application with 'debug' enabled.
2024-12-06 02:59:34,531 ERROR o.s.b.d.LoggingFailureAnalysisReporter [restartedMain] 

***************************
APPLICATION FAILED TO START
***************************

Description:

Web server failed to start. Port 8080 was already in use.

Action:

Identify and stop the process that's listening on port 8080 or configure this application to listen on another port.

2024-12-06 02:59:47,897 INFO o.h.v.i.u.Version [background-preinit] HV000001: Hibernate Validator 8.0.1.Final
2024-12-06 02:59:47,987 INFO o.s.b.l.DeferredLog [restartedMain] Devtools property defaults active! Set 'spring.devtools.add-properties' to 'false' to disable
2024-12-06 02:59:47,987 INFO o.s.b.l.DeferredLog [restartedMain] For additional web related logging consider setting the 'logging.level.web' property to 'DEBUG'
2024-12-06 02:59:49,331 INFO o.s.d.r.c.RepositoryConfigurationDelegate [restartedMain] Bootstrapping Spring Data JPA repositories in DEFAULT mode.
2024-12-06 02:59:49,422 INFO o.s.d.r.c.RepositoryConfigurationDelegate [restartedMain] Finished Spring Data repository scanning in 83 ms. Found 5 JPA repository interfaces.
2024-12-06 02:59:50,328 INFO o.s.b.w.e.t.TomcatWebServer [restartedMain] Tomcat initialized with port 8080 (http)
2024-12-06 02:59:50,339 INFO o.a.j.l.DirectJDKLog [restartedMain] Initializing ProtocolHandler ["http-nio-8080"]
2024-12-06 02:59:50,345 INFO o.a.j.l.DirectJDKLog [restartedMain] Starting service [Tomcat]
2024-12-06 02:59:50,346 INFO o.a.j.l.DirectJDKLog [restartedMain] Starting Servlet engine: [Apache Tomcat/10.1.30]
2024-12-06 02:59:50,415 INFO o.a.j.l.DirectJDKLog [restartedMain] Initializing Spring embedded WebApplicationContext
2024-12-06 02:59:50,416 INFO o.s.b.w.s.c.ServletWebServerApplicationContext [restartedMain] Root WebApplicationContext: initialization completed in 2428 ms
2024-12-06 02:59:50,591 INFO c.z.h.HikariDataSource [restartedMain] HikariPool-1 - Starting...
2024-12-06 02:59:50,781 INFO c.z.h.p.HikariPool [restartedMain] HikariPool-1 - Added connection conn0: url=jdbc:h2:mem:testdb user=ADMIN
2024-12-06 02:59:50,784 INFO c.z.h.HikariDataSource [restartedMain] HikariPool-1 - Start completed.
2024-12-06 02:59:50,798 INFO o.s.b.a.h.H2ConsoleAutoConfiguration [restartedMain] H2 console available at '/h2-console'. Database available at 'jdbc:h2:mem:testdb'
2024-12-06 02:59:51,047 INFO o.h.j.i.u.LogHelper [restartedMain] HHH000204: Processing PersistenceUnitInfo [name: default]
2024-12-06 02:59:51,122 INFO o.h.Version [restartedMain] HHH000412: Hibernate ORM core version 6.5.3.Final
2024-12-06 02:59:51,153 INFO o.h.c.i.RegionFactoryInitiator [restartedMain] HHH000026: Second-level cache disabled
2024-12-06 02:59:51,500 INFO o.s.o.j.p.SpringPersistenceUnitInfo [restartedMain] No LoadTimeWeaver setup: ignoring JPA class transformer
2024-12-06 02:59:52,740 INFO o.h.e.t.j.p.i.JtaPlatformInitiator [restartedMain] HHH000489: No JTA platform available (set 'hibernate.transaction.jta.platform' to enable JTA platform integration)
2024-12-06 02:59:52,803 INFO o.s.o.j.AbstractEntityManagerFactoryBean [restartedMain] Initialized JPA EntityManagerFactory for persistence unit 'default'
2024-12-06 02:59:53,846 WARN o.s.b.a.o.j.JpaBaseConfiguration$JpaWebConfiguration [restartedMain] spring.jpa.open-in-view is enabled by default. Therefore, database queries may be performed during view rendering. Explicitly configure spring.jpa.open-in-view to disable this warning
2024-12-06 02:59:53,933 INFO o.s.s.c.a.a.c.InitializeAuthenticationProviderBeanManagerConfigurer$InitializeAuthenticationProviderManagerConfigurer [restartedMain] Global AuthenticationManager configured with AuthenticationProvider bean with name usernamePasswordAuthenticationProvider
2024-12-06 02:59:54,556 INFO o.s.b.a.e.w.EndpointLinksResolver [restartedMain] Exposing 14 endpoints beneath base path '/actuator'
2024-12-06 02:59:55,476 INFO o.s.b.d.a.OptionalLiveReloadServer [restartedMain] LiveReload server is running on port 35729
2024-12-06 02:59:55,534 INFO o.a.j.l.DirectJDKLog [restartedMain] Starting ProtocolHandler ["http-nio-8080"]
2024-12-06 02:59:55,551 INFO o.s.b.w.e.t.TomcatWebServer [restartedMain] Tomcat started on port 8080 (http) with context path '/'
2024-12-06 02:59:55,653 WARN d.c.b.a.c.r.DefaultApplicationRegistrator [registrationTask1] Failed to register application as Application(name=library, managementUrl=http://Uexcel:8080/actuator, healthUrl=http://Uexcel:8080/actuator/health, serviceUrl=http://Uexcel:8080/) at spring-boot-admin ([http://localhost:9000/instances]): I/O error on POST request for "http://localhost:9000/instances": Connection refused: getsockopt. Further attempts are logged on DEBUG level
2024-12-06 02:59:56,180 INFO o.a.j.l.DirectJDKLog [RMI TCP Connection(3)-192.168.92.57] Initializing Spring DispatcherServlet 'dispatcherServlet'
2024-12-06 02:59:56,181 INFO o.s.w.s.FrameworkServlet [RMI TCP Connection(3)-192.168.92.57] Initializing Servlet 'dispatcherServlet'
2024-12-06 02:59:56,183 INFO o.s.w.s.FrameworkServlet [RMI TCP Connection(3)-192.168.92.57] Completed initialization in 2 ms
2024-12-06 03:00:10,870 INFO o.s.a.AbstractOpenApiResource [http-nio-8080-exec-4] Init duration for springdoc-openapi is: 1161 ms
2024-12-06 03:00:20,306 WARN o.a.j.l.DirectJDKLog [http-nio-8080-exec-5] Creation of SecureRandom instance for session ID generation using [SHA1PRNG] took [112] milliseconds.
2024-12-06 03:01:43,867 INFO o.s.o.j.AbstractEntityManagerFactoryBean [SpringApplicationShutdownHook] Closing JPA EntityManagerFactory for persistence unit 'default'
2024-12-06 03:01:43,876 WARN o.s.b.f.s.DisposableBeanAdapter [SpringApplicationShutdownHook] Invocation of destroy method failed on bean with name 'inMemoryDatabaseShutdownExecutor': org.h2.jdbc.JdbcSQLNonTransientConnectionException: Database is already closed (to disable automatic closing at VM shutdown, add ";DB_CLOSE_ON_EXIT=FALSE" to the db URL) [90121-224]
2024-12-06 03:01:43,878 INFO c.z.h.HikariDataSource [SpringApplicationShutdownHook] HikariPool-1 - Shutdown initiated...
2024-12-06 03:01:43,881 INFO c.z.h.HikariDataSource [SpringApplicationShutdownHook] HikariPool-1 - Shutdown completed.
2024-12-06 03:07:19,768 INFO o.h.v.i.u.Version [background-preinit] HV000001: Hibernate Validator 8.0.1.Final
2024-12-06 03:07:19,879 INFO o.s.b.l.DeferredLog [restartedMain] Devtools property defaults active! Set 'spring.devtools.add-properties' to 'false' to disable
2024-12-06 03:07:19,879 INFO o.s.b.l.DeferredLog [restartedMain] For additional web related logging consider setting the 'logging.level.web' property to 'DEBUG'
2024-12-06 03:07:21,515 INFO o.s.d.r.c.RepositoryConfigurationDelegate [restartedMain] Bootstrapping Spring Data JPA repositories in DEFAULT mode.
2024-12-06 03:07:21,662 INFO o.s.d.r.c.RepositoryConfigurationDelegate [restartedMain] Finished Spring Data repository scanning in 129 ms. Found 5 JPA repository interfaces.
2024-12-06 03:07:22,949 INFO o.s.b.w.e.t.TomcatWebServer [restartedMain] Tomcat initialized with port 8080 (http)
2024-12-06 03:07:22,964 INFO o.a.j.l.DirectJDKLog [restartedMain] Initializing ProtocolHandler ["http-nio-8080"]
2024-12-06 03:07:22,969 INFO o.a.j.l.DirectJDKLog [restartedMain] Starting service [Tomcat]
2024-12-06 03:07:22,970 INFO o.a.j.l.DirectJDKLog [restartedMain] Starting Servlet engine: [Apache Tomcat/10.1.30]
2024-12-06 03:07:23,093 INFO o.a.j.l.DirectJDKLog [restartedMain] Initializing Spring embedded WebApplicationContext
2024-12-06 03:07:23,094 INFO o.s.b.w.s.c.ServletWebServerApplicationContext [restartedMain] Root WebApplicationContext: initialization completed in 3213 ms
2024-12-06 03:07:23,268 INFO c.z.h.HikariDataSource [restartedMain] HikariPool-1 - Starting...
2024-12-06 03:07:23,528 INFO c.z.h.p.HikariPool [restartedMain] HikariPool-1 - Added connection conn0: url=jdbc:h2:mem:testdb user=ADMIN
2024-12-06 03:07:23,530 INFO c.z.h.HikariDataSource [restartedMain] HikariPool-1 - Start completed.
2024-12-06 03:07:23,539 INFO o.s.b.a.h.H2ConsoleAutoConfiguration [restartedMain] H2 console available at '/h2-console'. Database available at 'jdbc:h2:mem:testdb'
2024-12-06 03:07:23,864 INFO o.h.j.i.u.LogHelper [restartedMain] HHH000204: Processing PersistenceUnitInfo [name: default]
2024-12-06 03:07:23,979 INFO o.h.Version [restartedMain] HHH000412: Hibernate ORM core version 6.5.3.Final
2024-12-06 03:07:24,020 INFO o.h.c.i.RegionFactoryInitiator [restartedMain] HHH000026: Second-level cache disabled
2024-12-06 03:07:24,451 INFO o.s.o.j.p.SpringPersistenceUnitInfo [restartedMain] No LoadTimeWeaver setup: ignoring JPA class transformer
2024-12-06 03:07:25,933 INFO o.h.e.t.j.p.i.JtaPlatformInitiator [restartedMain] HHH000489: No JTA platform available (set 'hibernate.transaction.jta.platform' to enable JTA platform integration)
2024-12-06 03:07:26,087 INFO o.s.o.j.AbstractEntityManagerFactoryBean [restartedMain] Initialized JPA EntityManagerFactory for persistence unit 'default'
2024-12-06 03:07:28,776 WARN o.s.b.a.o.j.JpaBaseConfiguration$JpaWebConfiguration [restartedMain] spring.jpa.open-in-view is enabled by default. Therefore, database queries may be performed during view rendering. Explicitly configure spring.jpa.open-in-view to disable this warning
2024-12-06 03:07:28,927 INFO o.s.s.c.a.a.c.InitializeAuthenticationProviderBeanManagerConfigurer$InitializeAuthenticationProviderManagerConfigurer [restartedMain] Global AuthenticationManager configured with AuthenticationProvider bean with name usernamePasswordAuthenticationProvider
2024-12-06 03:07:30,397 INFO o.s.b.a.e.w.EndpointLinksResolver [restartedMain] Exposing 14 endpoints beneath base path '/actuator'
2024-12-06 03:07:32,881 INFO o.s.b.d.a.OptionalLiveReloadServer [restartedMain] LiveReload server is running on port 35729
2024-12-06 03:07:33,048 INFO o.a.j.l.DirectJDKLog [restartedMain] Starting ProtocolHandler ["http-nio-8080"]
2024-12-06 03:07:33,087 INFO o.s.b.w.e.t.TomcatWebServer [restartedMain] Tomcat started on port 8080 (http) with context path '/'
2024-12-06 03:07:33,364 WARN d.c.b.a.c.r.DefaultApplicationRegistrator [registrationTask1] Failed to register application as Application(name=library, managementUrl=http://Uexcel:8080/actuator, healthUrl=http://Uexcel:8080/actuator/health, serviceUrl=http://Uexcel:8080/) at spring-boot-admin ([http://localhost:9000/instances]): I/O error on POST request for "http://localhost:9000/instances": Connection refused: getsockopt. Further attempts are logged on DEBUG level
2024-12-06 03:07:33,526 INFO o.a.j.l.DirectJDKLog [RMI TCP Connection(1)-192.168.92.57] Initializing Spring DispatcherServlet 'dispatcherServlet'
2024-12-06 03:07:33,528 INFO o.s.w.s.FrameworkServlet [RMI TCP Connection(1)-192.168.92.57] Initializing Servlet 'dispatcherServlet'
2024-12-06 03:07:33,535 INFO o.s.w.s.FrameworkServlet [RMI TCP Connection(1)-192.168.92.57] Completed initialization in 6 ms
2024-12-06 03:07:41,168 WARN o.a.j.l.DirectJDKLog [http-nio-8080-exec-1] Creation of SecureRandom instance for session ID generation using [SHA1PRNG] took [117] milliseconds.
2024-12-06 03:13:22,154 WARN o.s.w.s.h.AbstractHandlerExceptionResolver [http-nio-8080-exec-4] Resolved [com.uexcel.library.exception.BadRequestException: The the phone number 07032632739 and email address uexcel9@gmial.com haven been used.]
2024-12-06 03:13:43,989 WARN o.s.w.s.h.AbstractHandlerExceptionResolver [http-nio-8080-exec-7] Resolved [com.uexcel.library.exception.BadRequestException: The the phone number 07032632739 and email address uexcel9@gmial.com haven been used.]
2024-12-06 03:14:28,810 INFO o.s.o.j.AbstractEntityManagerFactoryBean [SpringApplicationShutdownHook] Closing JPA EntityManagerFactory for persistence unit 'default'
2024-12-06 03:14:28,819 WARN o.s.b.f.s.DisposableBeanAdapter [SpringApplicationShutdownHook] Invocation of destroy method failed on bean with name 'inMemoryDatabaseShutdownExecutor': org.h2.jdbc.JdbcSQLNonTransientConnectionException: Database is already closed (to disable automatic closing at VM shutdown, add ";DB_CLOSE_ON_EXIT=FALSE" to the db URL) [90121-224]
2024-12-06 03:14:28,820 INFO c.z.h.HikariDataSource [SpringApplicationShutdownHook] HikariPool-1 - Shutdown initiated...
2024-12-06 03:14:28,824 INFO c.z.h.HikariDataSource [SpringApplicationShutdownHook] HikariPool-1 - Shutdown completed.
